<?xml version="1.0" encoding="utf-8"?><testsuites name="pytest tests"><testsuite name="pytest" errors="0" failures="0" skipped="14" tests="36" time="96.326" timestamp="2025-10-22T21:36:28.220653-04:00" hostname="MatthewacStudio"><testcase classname="tests.gui_comprehensive.test_all_workflows_automated.TestAllGUIWorkflows" name="test_youtube_download_workflow" time="9.516" /><testcase classname="tests.gui_comprehensive.test_all_workflows_automated.TestAllGUIWorkflows" name="test_transcription_workflow" time="6.344" /><testcase classname="tests.gui_comprehensive.test_all_workflows_automated.TestAllGUIWorkflows" name="test_summarization_workflow" time="5.985" /><testcase classname="tests.gui_comprehensive.test_all_workflows_automated.TestAllGUIWorkflows" name="test_prompts_workflow" time="5.977" /><testcase classname="tests.gui_comprehensive.test_all_workflows_automated.TestAllGUIWorkflows" name="test_monitor_tab_system2" time="5.977" /><testcase classname="tests.gui_comprehensive.test_all_workflows_automated.TestAllGUIWorkflows" name="test_review_tab_database" time="6.120" /><testcase classname="tests.gui_comprehensive.test_all_workflows_automated.TestAllGUIWorkflows" name="test_settings_configuration" time="5.992" /><testcase classname="tests.gui_comprehensive.test_all_workflows_automated.TestAllGUIWorkflows" name="test_introduction_tab" time="5.951" /><testcase classname="tests.gui_comprehensive.test_all_workflows_automated.TestAllGUIWorkflows" name="test_settings_persistence" time="5.972" /><testcase classname="tests.gui_comprehensive.test_all_workflows_automated.TestAllGUIWorkflows" name="test_error_handling_invalid_input" time="6.026" /><testcase classname="tests.gui_comprehensive.test_all_workflows_automated.TestAllGUIWorkflows" name="test_all_tabs_load" time="6.536" /><testcase classname="tests.gui_comprehensive.test_all_workflows_automated.TestAllGUIWorkflows" name="test_concurrent_operations" time="5.986" /><testcase classname="tests.gui_comprehensive.test_all_workflows_automated.TestAllGUIWorkflows" name="test_cleanup_and_exit" time="5.770" /><testcase classname="tests.gui_comprehensive.test_all_workflows_automated" name="test_generate_report" time="0.000" /><testcase classname="tests.gui_comprehensive.test_model_configuration" name="test_model_uri_parser_expectations" time="0.000" /><testcase classname="tests.gui_comprehensive.test_model_configuration" name="test_gui_model_override_construction" time="0.020" /><testcase classname="tests.gui_comprehensive.test_model_configuration" name="test_gui_to_pipeline_model_flow" time="0.011" /><testcase classname="tests.gui_comprehensive.test_model_configuration" name="test_broken_format_detection" time="0.000" /><testcase classname="tests.gui_comprehensive.test_outputs_validation.TestDatabaseOutput" name="test_transcript_in_database" time="0.003"><skipped type="pytest.skip" message="Implementation pending - need fake transcription run">/Users/matthewgreer/Projects/Knowledge_Chipper/tests/gui_comprehensive/test_outputs_validation.py:46: Implementation pending - need fake transcription run</skipped></testcase><testcase classname="tests.gui_comprehensive.test_outputs_validation.TestDatabaseOutput" name="test_summary_in_database" time="0.001"><skipped type="pytest.skip" message="Implementation pending - need fake summarization run">/Users/matthewgreer/Projects/Knowledge_Chipper/tests/gui_comprehensive/test_outputs_validation.py:63: Implementation pending - need fake summarization run</skipped></testcase><testcase classname="tests.gui_comprehensive.test_outputs_validation.TestDatabaseOutput" name="test_job_tracking" time="0.001"><skipped type="pytest.skip" message="Implementation pending">/Users/matthewgreer/Projects/Knowledge_Chipper/tests/gui_comprehensive/test_outputs_validation.py:76: Implementation pending</skipped></testcase><testcase classname="tests.gui_comprehensive.test_outputs_validation.TestMarkdownOutput" name="test_transcript_markdown_created" time="0.001"><skipped type="pytest.skip" message="Implementation pending">/Users/matthewgreer/Projects/Knowledge_Chipper/tests/gui_comprehensive/test_outputs_validation.py:88: Implementation pending</skipped></testcase><testcase classname="tests.gui_comprehensive.test_outputs_validation.TestMarkdownOutput" name="test_transcript_yaml_frontmatter" time="0.001"><skipped type="pytest.skip" message="Implementation pending">/Users/matthewgreer/Projects/Knowledge_Chipper/tests/gui_comprehensive/test_outputs_validation.py:101: Implementation pending</skipped></testcase><testcase classname="tests.gui_comprehensive.test_outputs_validation.TestMarkdownOutput" name="test_summary_markdown_created" time="0.001"><skipped type="pytest.skip" message="Implementation pending">/Users/matthewgreer/Projects/Knowledge_Chipper/tests/gui_comprehensive/test_outputs_validation.py:109: Implementation pending</skipped></testcase><testcase classname="tests.gui_comprehensive.test_outputs_validation.TestMarkdownOutput" name="test_summary_yaml_frontmatter" time="0.001"><skipped type="pytest.skip" message="Implementation pending">/Users/matthewgreer/Projects/Knowledge_Chipper/tests/gui_comprehensive/test_outputs_validation.py:122: Implementation pending</skipped></testcase><testcase classname="tests.gui_comprehensive.test_outputs_validation.TestMarkdownOutput" name="test_summary_required_sections" time="0.001"><skipped type="pytest.skip" message="Implementation pending">/Users/matthewgreer/Projects/Knowledge_Chipper/tests/gui_comprehensive/test_outputs_validation.py:131: Implementation pending</skipped></testcase><testcase classname="tests.gui_comprehensive.test_smoke_automated" name="test_gui_launches_automated" time="0.548" /><testcase classname="tests.gui_comprehensive.test_smoke_automated" name="test_all_tabs_load_automated" time="0.516" /><testcase classname="tests.gui_comprehensive.test_smoke_automated" name="test_no_dialogs_shown_in_testing_mode" time="0.510" /><testcase classname="tests.gui_comprehensive.test_smoke_automated" name="test_tabs_have_expected_names" time="0.507" /><testcase classname="tests.gui_comprehensive.test_summarize_inputs.TestSummarizeInputs" name="test_markdown_input" time="1.594"><skipped type="pytest.skip" message="Implementation pending - fake mode worker needed">/Users/matthewgreer/Projects/Knowledge_Chipper/tests/gui_comprehensive/test_summarize_inputs.py:90: Implementation pending - fake mode worker needed</skipped></testcase><testcase classname="tests.gui_comprehensive.test_summarize_inputs.TestSummarizeInputs" name="test_pdf_input" time="1.560"><skipped type="pytest.skip" message="Implementation pending - fake mode + PDF parser">/Users/matthewgreer/Projects/Knowledge_Chipper/tests/gui_comprehensive/test_summarize_inputs.py:99: Implementation pending - fake mode + PDF parser</skipped></testcase><testcase classname="tests.gui_comprehensive.test_summarize_inputs.TestSummarizeInputs" name="test_text_input" time="1.559"><skipped type="pytest.skip" message="Implementation pending - fake mode worker needed">/Users/matthewgreer/Projects/Knowledge_Chipper/tests/gui_comprehensive/test_summarize_inputs.py:108: Implementation pending - fake mode worker needed</skipped></testcase><testcase classname="tests.gui_comprehensive.test_summarize_inputs.TestSummarizeInputs" name="test_docx_input" time="1.558"><skipped type="pytest.skip" message="Implementation pending - fake mode + docx parser">/Users/matthewgreer/Projects/Knowledge_Chipper/tests/gui_comprehensive/test_summarize_inputs.py:116: Implementation pending - fake mode + docx parser</skipped></testcase><testcase classname="tests.gui_comprehensive.test_summarize_inputs.TestSummarizeInputs" name="test_html_input" time="1.553"><skipped type="pytest.skip" message="Implementation pending - fake mode + html parser">/Users/matthewgreer/Projects/Knowledge_Chipper/tests/gui_comprehensive/test_summarize_inputs.py:124: Implementation pending - fake mode + html parser</skipped></testcase><testcase classname="tests.gui_comprehensive.test_summarize_inputs.TestSummarizeInputs" name="test_json_input" time="1.558"><skipped type="pytest.skip" message="Implementation pending - fake mode worker needed">/Users/matthewgreer/Projects/Knowledge_Chipper/tests/gui_comprehensive/test_summarize_inputs.py:132: Implementation pending - fake mode worker needed</skipped></testcase><testcase time="1.143" /></testsuite></testsuites>