<?xml version="1.0" encoding="utf-8"?><testsuites name="pytest tests"><testsuite name="pytest" errors="0" failures="9" skipped="32" tests="89" time="231.301" timestamp="2025-10-22T09:49:52.577399-04:00" hostname="MatthewacStudio"><testcase classname="tests.gui_comprehensive.test_all_workflows_automated.TestAllGUIWorkflows" name="test_youtube_download_workflow" time="6.486" /><testcase classname="tests.gui_comprehensive.test_all_workflows_automated.TestAllGUIWorkflows" name="test_transcription_workflow" time="6.009" /><testcase classname="tests.gui_comprehensive.test_all_workflows_automated.TestAllGUIWorkflows" name="test_summarization_workflow" time="6.003" /><testcase classname="tests.gui_comprehensive.test_all_workflows_automated.TestAllGUIWorkflows" name="test_prompts_workflow" time="6.013" /><testcase classname="tests.gui_comprehensive.test_all_workflows_automated.TestAllGUIWorkflows" name="test_monitor_tab_system2" time="6.148" /><testcase classname="tests.gui_comprehensive.test_all_workflows_automated.TestAllGUIWorkflows" name="test_review_tab_database" time="6.011" /><testcase classname="tests.gui_comprehensive.test_all_workflows_automated.TestAllGUIWorkflows" name="test_settings_configuration" time="5.982" /><testcase classname="tests.gui_comprehensive.test_all_workflows_automated.TestAllGUIWorkflows" name="test_introduction_tab" time="5.991" /><testcase classname="tests.gui_comprehensive.test_all_workflows_automated.TestAllGUIWorkflows" name="test_settings_persistence" time="6.012" /><testcase classname="tests.gui_comprehensive.test_all_workflows_automated.TestAllGUIWorkflows" name="test_error_handling_invalid_input" time="5.987" /><testcase classname="tests.gui_comprehensive.test_all_workflows_automated.TestAllGUIWorkflows" name="test_all_tabs_load" time="6.553" /><testcase classname="tests.gui_comprehensive.test_all_workflows_automated.TestAllGUIWorkflows" name="test_concurrent_operations" time="6.017" /><testcase classname="tests.gui_comprehensive.test_all_workflows_automated.TestAllGUIWorkflows" name="test_cleanup_and_exit" time="5.782" /><testcase classname="tests.gui_comprehensive.test_all_workflows_automated" name="test_generate_report" time="0.000" /><testcase classname="tests.gui_comprehensive.test_deep_workflows.TestDeepWorkflows" name="test_transcribe_tab_ui_elements" time="11.234"><failure message="AssertionError: No buttons found in Transcribe tab&#10;assert 0 &gt; 0&#10; +  where 0 = len([])">tests/gui_comprehensive/test_deep_workflows.py:167: in test_transcribe_tab_ui_elements
    assert len(buttons) &gt; 0, "No buttons found in Transcribe tab"
E   AssertionError: No buttons found in Transcribe tab
E   assert 0 &gt; 0
E    +  where 0 = len([])
----------------------------- Captured Qt messages -----------------------------
QtWarningMsg: This plugin does not support propagateSizeHints()
QtWarningMsg: Populating font family aliases took 11 ms. Replace uses of missing font family "Sans Serif" with one that exists to avoid this cost.</failure></testcase><testcase classname="tests.gui_comprehensive.test_deep_workflows.TestDeepWorkflows" name="test_transcribe_provider_selection" time="11.185"><skipped type="pytest.skip" message="No combo boxes found">/Users/matthewgreer/Projects/Knowledge_Chipper/tests/gui_comprehensive/test_deep_workflows.py:180: No combo boxes found</skipped></testcase><testcase classname="tests.gui_comprehensive.test_deep_workflows.TestDeepWorkflows" name="test_summarize_tab_ui_elements" time="11.259"><failure message="AssertionError: Expected at least 3 buttons, found 0&#10;assert 0 &gt;= 3&#10; +  where 0 = len([])">tests/gui_comprehensive/test_deep_workflows.py:216: in test_summarize_tab_ui_elements
    assert len(buttons) &gt;= 3, f"Expected at least 3 buttons, found {len(buttons)}"
E   AssertionError: Expected at least 3 buttons, found 0
E   assert 0 &gt;= 3
E    +  where 0 = len([])
----------------------------- Captured Qt messages -----------------------------
QtWarningMsg: This plugin does not support propagateSizeHints()</failure></testcase><testcase classname="tests.gui_comprehensive.test_deep_workflows.TestDeepWorkflows" name="test_button_click_doesnt_crash" time="11.184" /><testcase classname="tests.gui_comprehensive.test_deep_workflows.TestDeepWorkflows" name="test_monitor_tab_controls" time="11.208"><failure message="AssertionError: No Start button found in Monitor tab&#10;assert False">tests/gui_comprehensive/test_deep_workflows.py:262: in test_monitor_tab_controls
    assert has_start, "No Start button found in Monitor tab"
E   AssertionError: No Start button found in Monitor tab
E   assert False
----------------------------- Captured Qt messages -----------------------------
QtWarningMsg: This plugin does not support propagateSizeHints()</failure></testcase><testcase classname="tests.gui_comprehensive.test_deep_workflows.TestDeepWorkflows" name="test_settings_tab_has_fields" time="11.207"><failure message="AssertionError: No input fields found in Settings tab&#10;assert 0 &gt; 0&#10; +  where 0 = len([])">tests/gui_comprehensive/test_deep_workflows.py:275: in test_settings_tab_has_fields
    assert len(line_edits) &gt; 0, "No input fields found in Settings tab"
E   AssertionError: No input fields found in Settings tab
E   assert 0 &gt; 0
E    +  where 0 = len([])
----------------------------- Captured Qt messages -----------------------------
QtWarningMsg: This plugin does not support propagateSizeHints()</failure></testcase><testcase classname="tests.gui_comprehensive.test_deep_workflows.TestDeepWorkflows" name="test_all_combos_have_items" time="11.808" /><testcase classname="tests.gui_comprehensive.test_deep_workflows.TestDeepWorkflows" name="test_checkbox_toggle" time="11.194"><skipped type="pytest.skip" message="No checkboxes found">/Users/matthewgreer/Projects/Knowledge_Chipper/tests/gui_comprehensive/test_deep_workflows.py:307: No checkboxes found</skipped></testcase><testcase classname="tests.gui_comprehensive.test_deep_workflows.TestDeepWorkflows" name="test_text_input_fields" time="11.204"><skipped type="pytest.skip" message="No editable text fields found">/Users/matthewgreer/Projects/Knowledge_Chipper/tests/gui_comprehensive/test_deep_workflows.py:336: No editable text fields found</skipped></testcase><testcase classname="tests.gui_comprehensive.test_deep_workflows.TestDeepWorkflows" name="test_ui_state_persistence" time="11.226" /><testcase classname="tests.gui_comprehensive.test_deep_workflows" name="test_summary" time="0.001" /><testcase classname="tests.gui_comprehensive.test_model_configuration" name="test_model_uri_parser_expectations" time="0.000" /><testcase classname="tests.gui_comprehensive.test_model_configuration" name="test_gui_model_override_construction" time="0.018" /><testcase classname="tests.gui_comprehensive.test_model_configuration" name="test_gui_to_pipeline_model_flow" time="0.023" /><testcase classname="tests.gui_comprehensive.test_model_configuration" name="test_broken_format_detection" time="0.000" /><testcase classname="tests.gui_comprehensive.test_outputs_validation.TestDatabaseOutput" name="test_transcript_in_database" time="0.002"><skipped type="pytest.skip" message="Implementation pending - need fake transcription run">/Users/matthewgreer/Projects/Knowledge_Chipper/tests/gui_comprehensive/test_outputs_validation.py:46: Implementation pending - need fake transcription run</skipped></testcase><testcase classname="tests.gui_comprehensive.test_outputs_validation.TestDatabaseOutput" name="test_summary_in_database" time="0.001"><skipped type="pytest.skip" message="Implementation pending - need fake summarization run">/Users/matthewgreer/Projects/Knowledge_Chipper/tests/gui_comprehensive/test_outputs_validation.py:63: Implementation pending - need fake summarization run</skipped></testcase><testcase classname="tests.gui_comprehensive.test_outputs_validation.TestDatabaseOutput" name="test_job_tracking" time="0.001"><skipped type="pytest.skip" message="Implementation pending">/Users/matthewgreer/Projects/Knowledge_Chipper/tests/gui_comprehensive/test_outputs_validation.py:76: Implementation pending</skipped></testcase><testcase classname="tests.gui_comprehensive.test_outputs_validation.TestMarkdownOutput" name="test_transcript_markdown_created" time="0.001"><skipped type="pytest.skip" message="Implementation pending">/Users/matthewgreer/Projects/Knowledge_Chipper/tests/gui_comprehensive/test_outputs_validation.py:88: Implementation pending</skipped></testcase><testcase classname="tests.gui_comprehensive.test_outputs_validation.TestMarkdownOutput" name="test_transcript_yaml_frontmatter" time="0.001"><skipped type="pytest.skip" message="Implementation pending">/Users/matthewgreer/Projects/Knowledge_Chipper/tests/gui_comprehensive/test_outputs_validation.py:101: Implementation pending</skipped></testcase><testcase classname="tests.gui_comprehensive.test_outputs_validation.TestMarkdownOutput" name="test_summary_markdown_created" time="0.001"><skipped type="pytest.skip" message="Implementation pending">/Users/matthewgreer/Projects/Knowledge_Chipper/tests/gui_comprehensive/test_outputs_validation.py:109: Implementation pending</skipped></testcase><testcase classname="tests.gui_comprehensive.test_outputs_validation.TestMarkdownOutput" name="test_summary_yaml_frontmatter" time="0.001"><skipped type="pytest.skip" message="Implementation pending">/Users/matthewgreer/Projects/Knowledge_Chipper/tests/gui_comprehensive/test_outputs_validation.py:122: Implementation pending</skipped></testcase><testcase classname="tests.gui_comprehensive.test_outputs_validation.TestMarkdownOutput" name="test_summary_required_sections" time="0.001"><skipped type="pytest.skip" message="Implementation pending">/Users/matthewgreer/Projects/Knowledge_Chipper/tests/gui_comprehensive/test_outputs_validation.py:131: Implementation pending</skipped></testcase><testcase classname="tests.gui_comprehensive.test_review_tab_system2.TestReviewTabSystem2" name="test_review_tab_initialization" time="0.025" /><testcase classname="tests.gui_comprehensive.test_review_tab_system2.TestReviewTabSystem2" name="test_table_model_initialization" time="0.006" /><testcase classname="tests.gui_comprehensive.test_review_tab_system2.TestReviewTabSystem2" name="test_load_claims_from_database" time="0.007"><failure message="AttributeError: 'ClaimsTableModel' object has no attribute 'load_claims'">tests/gui_comprehensive/test_review_tab_system2.py:53: in test_load_claims_from_database
    model.load_claims()
    ^^^^^^^^^^^^^^^^^
E   AttributeError: 'ClaimsTableModel' object has no attribute 'load_claims'</failure></testcase><testcase classname="tests.gui_comprehensive.test_review_tab_system2.TestReviewTabSystem2" name="test_episode_filter_combo" time="0.006" /><testcase classname="tests.gui_comprehensive.test_review_tab_system2.TestReviewTabSystem2" name="test_refresh_button" time="0.006" /><testcase classname="tests.gui_comprehensive.test_review_tab_system2.TestReviewTabSystem2" name="test_table_columns" time="0.006" /><testcase classname="tests.gui_comprehensive.test_review_tab_system2.TestReviewTabSystem2" name="test_optimistic_locking_support" time="0.007"><failure message="AttributeError: 'ClaimsTableModel' object has no attribute 'load_claims'">tests/gui_comprehensive/test_review_tab_system2.py:99: in test_optimistic_locking_support
    model.load_claims()
    ^^^^^^^^^^^^^^^^^
E   AttributeError: 'ClaimsTableModel' object has no attribute 'load_claims'</failure></testcase><testcase classname="tests.gui_comprehensive.test_review_tab_system2.TestClaimsTableModel" name="test_model_initialization" time="0.003" /><testcase classname="tests.gui_comprehensive.test_review_tab_system2.TestClaimsTableModel" name="test_load_claims_empty_database" time="0.003"><failure message="AttributeError: 'ClaimsTableModel' object has no attribute 'load_claims'">tests/gui_comprehensive/test_review_tab_system2.py:123: in test_load_claims_empty_database
    self.model.load_claims()
    ^^^^^^^^^^^^^^^^^^^^^^
E   AttributeError: 'ClaimsTableModel' object has no attribute 'load_claims'</failure></testcase><testcase classname="tests.gui_comprehensive.test_review_tab_system2.TestClaimsTableModel" name="test_data_method" time="0.003"><failure message="AttributeError: 'ClaimsTableModel' object has no attribute 'load_claims'">tests/gui_comprehensive/test_review_tab_system2.py:130: in test_data_method
    self.model.load_claims()
    ^^^^^^^^^^^^^^^^^^^^^^
E   AttributeError: 'ClaimsTableModel' object has no attribute 'load_claims'</failure></testcase><testcase classname="tests.gui_comprehensive.test_review_tab_system2.TestClaimsTableModel" name="test_flags_method" time="0.003"><failure message="AttributeError: 'ClaimsTableModel' object has no attribute 'load_claims'">tests/gui_comprehensive/test_review_tab_system2.py:142: in test_flags_method
    self.model.load_claims()
    ^^^^^^^^^^^^^^^^^^^^^^
E   AttributeError: 'ClaimsTableModel' object has no attribute 'load_claims'</failure></testcase><testcase classname="tests.gui_comprehensive.test_review_tab_system2.TestClaimsTableModel" name="test_header_data" time="0.003" /><testcase classname="tests.gui_comprehensive.test_review_tab_system2.TestReviewTabIntegration" name="test_refresh_updates_view" time="0.006" /><testcase classname="tests.gui_comprehensive.test_review_tab_system2.TestReviewTabIntegration" name="test_episode_filter_changes_view" time="0.006" /><testcase classname="tests.gui_comprehensive.test_review_tab_system2.TestReviewTabIntegration" name="test_table_view_configuration" time="0.007" /><testcase classname="tests.gui_comprehensive.test_review_tab_system2.TestReviewTabIntegration" name="test_auto_refresh_timer" time="0.005" /><testcase classname="tests.gui_comprehensive.test_review_tab_system2.TestReviewTabIntegration" name="test_delete_button_exists" time="0.006" /><testcase classname="tests.gui_comprehensive.test_review_tab_system2.TestReviewTabIntegration" name="test_delete_button_initially_disabled" time="0.005" /><testcase classname="tests.gui_comprehensive.test_review_tab_system2.TestReviewTabIntegration" name="test_delete_button_enabled_on_selection" time="0.005" /><testcase classname="tests.gui_comprehensive.test_review_tab_system2.TestReviewTabIntegration" name="test_delete_button_disabled_on_deselection" time="0.006" /><testcase classname="tests.gui_comprehensive.test_smoke_automated" name="test_gui_launches_automated" time="0.453" /><testcase classname="tests.gui_comprehensive.test_smoke_automated" name="test_all_tabs_load_automated" time="0.461" /><testcase classname="tests.gui_comprehensive.test_smoke_automated" name="test_no_dialogs_shown_in_testing_mode" time="0.446" /><testcase classname="tests.gui_comprehensive.test_smoke_automated" name="test_tabs_have_expected_names" time="0.452" /><testcase classname="tests.gui_comprehensive.test_summarize_inputs.TestSummarizeInputs" name="test_markdown_input" time="1.541"><skipped type="pytest.skip" message="Implementation pending - fake mode worker needed">/Users/matthewgreer/Projects/Knowledge_Chipper/tests/gui_comprehensive/test_summarize_inputs.py:90: Implementation pending - fake mode worker needed</skipped></testcase><testcase classname="tests.gui_comprehensive.test_summarize_inputs.TestSummarizeInputs" name="test_pdf_input" time="1.585"><skipped type="pytest.skip" message="Implementation pending - fake mode + PDF parser">/Users/matthewgreer/Projects/Knowledge_Chipper/tests/gui_comprehensive/test_summarize_inputs.py:99: Implementation pending - fake mode + PDF parser</skipped></testcase><testcase classname="tests.gui_comprehensive.test_summarize_inputs.TestSummarizeInputs" name="test_text_input" time="1.570"><skipped type="pytest.skip" message="Implementation pending - fake mode worker needed">/Users/matthewgreer/Projects/Knowledge_Chipper/tests/gui_comprehensive/test_summarize_inputs.py:108: Implementation pending - fake mode worker needed</skipped></testcase><testcase classname="tests.gui_comprehensive.test_summarize_inputs.TestSummarizeInputs" name="test_docx_input" time="1.565"><skipped type="pytest.skip" message="Implementation pending - fake mode + docx parser">/Users/matthewgreer/Projects/Knowledge_Chipper/tests/gui_comprehensive/test_summarize_inputs.py:116: Implementation pending - fake mode + docx parser</skipped></testcase><testcase classname="tests.gui_comprehensive.test_summarize_inputs.TestSummarizeInputs" name="test_html_input" time="1.584"><skipped type="pytest.skip" message="Implementation pending - fake mode + html parser">/Users/matthewgreer/Projects/Knowledge_Chipper/tests/gui_comprehensive/test_summarize_inputs.py:124: Implementation pending - fake mode + html parser</skipped></testcase><testcase classname="tests.gui_comprehensive.test_summarize_inputs.TestSummarizeInputs" name="test_json_input" time="1.570"><skipped type="pytest.skip" message="Implementation pending - fake mode worker needed">/Users/matthewgreer/Projects/Knowledge_Chipper/tests/gui_comprehensive/test_summarize_inputs.py:132: Implementation pending - fake mode worker needed</skipped></testcase><testcase classname="tests.gui_comprehensive.test_summarize_inputs.TestSummarizeInputs" name="test_rtf_input" time="1.577"><skipped type="pytest.skip" message="Implementation pending - fake mode + rtf parser">/Users/matthewgreer/Projects/Knowledge_Chipper/tests/gui_comprehensive/test_summarize_inputs.py:140: Implementation pending - fake mode + rtf parser</skipped></testcase><testcase classname="tests.gui_comprehensive.test_system2_integration.TestGUIWorkflowsAutomated" name="test_gui_launches_with_all_tabs" time="0.471" /><testcase classname="tests.gui_comprehensive.test_system2_integration.TestGUIWorkflowsAutomated" name="test_tab_switching_automated" time="0.474" /><testcase classname="tests.gui_comprehensive.test_system2_integration.TestGUIWorkflowsAutomated" name="test_summarization_tab_file_loading" time="0.454" /><testcase classname="tests.gui_comprehensive.test_system2_integration.TestTranscriptionToSummarizationFlow" name="test_file_path_propagation_direct" time="0.001" /><testcase classname="tests.gui_comprehensive.test_system2_integration.TestDirectIntegrationLogic" name="test_successful_files_structure" time="0.000" /><testcase classname="tests.gui_comprehensive.test_system2_integration.TestDirectIntegrationLogic" name="test_file_path_extraction_logic" time="0.001" /><testcase classname="tests.gui_comprehensive.test_transcribe_inputs.TestTranscribeInputs" name="test_youtube_url[no_autoprocess]" time="1.893" /><testcase classname="tests.gui_comprehensive.test_transcribe_inputs.TestTranscribeInputs" name="test_youtube_playlist[no_autoprocess]" time="1.560"><skipped type="pytest.skip" message="Implementation pending - fake mode worker needed">/Users/matthewgreer/Projects/Knowledge_Chipper/tests/gui_comprehensive/test_transcribe_inputs.py:106: Implementation pending - fake mode worker needed</skipped></testcase><testcase classname="tests.gui_comprehensive.test_transcribe_inputs.TestTranscribeInputs" name="test_youtube_playlist[with_autoprocess]" time="1.578"><skipped type="pytest.skip" message="Implementation pending - fake mode worker needed">/Users/matthewgreer/Projects/Knowledge_Chipper/tests/gui_comprehensive/test_transcribe_inputs.py:106: Implementation pending - fake mode worker needed</skipped></testcase><testcase classname="tests.gui_comprehensive.test_transcribe_inputs.TestTranscribeInputs" name="test_rss_feed[no_autoprocess]" time="1.577"><skipped type="pytest.skip" message="Implementation pending - fake mode worker needed">/Users/matthewgreer/Projects/Knowledge_Chipper/tests/gui_comprehensive/test_transcribe_inputs.py:116: Implementation pending - fake mode worker needed</skipped></testcase><testcase classname="tests.gui_comprehensive.test_transcribe_inputs.TestTranscribeInputs" name="test_rss_feed[with_autoprocess]" time="1.584"><skipped type="pytest.skip" message="Implementation pending - fake mode worker needed">/Users/matthewgreer/Projects/Knowledge_Chipper/tests/gui_comprehensive/test_transcribe_inputs.py:116: Implementation pending - fake mode worker needed</skipped></testcase><testcase classname="tests.gui_comprehensive.test_transcribe_inputs.TestTranscribeInputs" name="test_local_audio[no_autoprocess]" time="1.583"><skipped type="pytest.skip" message="Implementation pending - fake mode worker needed">/Users/matthewgreer/Projects/Knowledge_Chipper/tests/gui_comprehensive/test_transcribe_inputs.py:127: Implementation pending - fake mode worker needed</skipped></testcase><testcase classname="tests.gui_comprehensive.test_transcribe_inputs.TestTranscribeInputs" name="test_local_audio[with_autoprocess]" time="1.580"><skipped type="pytest.skip" message="Implementation pending - fake mode worker needed">/Users/matthewgreer/Projects/Knowledge_Chipper/tests/gui_comprehensive/test_transcribe_inputs.py:127: Implementation pending - fake mode worker needed</skipped></testcase><testcase classname="tests.gui_comprehensive.test_transcribe_inputs.TestTranscribeInputs" name="test_local_video[no_autoprocess]" time="1.581"><skipped type="pytest.skip" message="Implementation pending - fake mode worker needed">/Users/matthewgreer/Projects/Knowledge_Chipper/tests/gui_comprehensive/test_transcribe_inputs.py:137: Implementation pending - fake mode worker needed</skipped></testcase><testcase classname="tests.gui_comprehensive.test_transcribe_inputs.TestTranscribeInputs" name="test_local_video[with_autoprocess]" time="1.596"><skipped type="pytest.skip" message="Implementation pending - fake mode worker needed">/Users/matthewgreer/Projects/Knowledge_Chipper/tests/gui_comprehensive/test_transcribe_inputs.py:137: Implementation pending - fake mode worker needed</skipped></testcase><testcase classname="tests.gui_comprehensive.test_transcribe_inputs.TestTranscribeInputs" name="test_batch_files[no_autoprocess]" time="1.563"><skipped type="pytest.skip" message="Implementation pending - fake mode worker needed">/Users/matthewgreer/Projects/Knowledge_Chipper/tests/gui_comprehensive/test_transcribe_inputs.py:148: Implementation pending - fake mode worker needed</skipped></testcase><testcase classname="tests.gui_comprehensive.test_transcribe_inputs.TestTranscribeInputs" name="test_batch_files[with_autoprocess]" time="1.598"><skipped type="pytest.skip" message="Implementation pending - fake mode worker needed">/Users/matthewgreer/Projects/Knowledge_Chipper/tests/gui_comprehensive/test_transcribe_inputs.py:148: Implementation pending - fake mode worker needed</skipped></testcase><testcase classname="tests.gui_comprehensive.test_transcribe_workflows.TestTranscribeWorkflows" name="test_complete_workflow" time="1.589"><skipped type="pytest.skip" message="Implementation pending - fake mode worker needed">/Users/matthewgreer/Projects/Knowledge_Chipper/tests/gui_comprehensive/test_transcribe_workflows.py:70: Implementation pending - fake mode worker needed</skipped></testcase><testcase classname="tests.gui_comprehensive.test_transcribe_workflows.TestTranscribeWorkflows" name="test_cancel_mid_transcription" time="1.571"><skipped type="pytest.skip" message="Implementation pending - cancel mechanism + fake mode">/Users/matthewgreer/Projects/Knowledge_Chipper/tests/gui_comprehensive/test_transcribe_workflows.py:82: Implementation pending - cancel mechanism + fake mode</skipped></testcase><testcase classname="tests.gui_comprehensive.test_transcribe_workflows.TestTranscribeWorkflows" name="test_invalid_url_error" time="1.578"><skipped type="pytest.skip" message="Implementation pending">/Users/matthewgreer/Projects/Knowledge_Chipper/tests/gui_comprehensive/test_transcribe_workflows.py:94: Implementation pending</skipped></testcase><testcase classname="tests.gui_comprehensive.test_transcribe_workflows.TestTranscribeWorkflows" name="test_missing_file_error" time="1.587"><skipped type="pytest.skip" message="Implementation pending">/Users/matthewgreer/Projects/Knowledge_Chipper/tests/gui_comprehensive/test_transcribe_workflows.py:106: Implementation pending</skipped></testcase></testsuite></testsuites>